1677810286580	geckodriver	INFO	Listening on 127.0.0.1:54637
1677810287040	mozrunner::runner	INFO	Running command: "/snap/firefox/current/firefox.launcher" "--marionette" "-headless" "--remote-debugging-port" "43931" "--remote-allow-hosts" "localhost" "-no-remote" "-profile" "/tmp/rust_mozprofileGX5Ht3"
*** You are running in headless mode.
Gtk-Message: 21:24:47.061: Not loading module "atk-bridge": The functionality is provided by GTK natively. Please try to not load it.
console.warn: services.settings: Ignoring preference override of remote settings server
console.warn: services.settings: Allow by setting MOZ_REMOTE_SETTINGS_DEVTOOLS=1 in the environment
[GFX1-]: glxtest: VA-API test failed: failed to initialise VAAPI connection.
1677810287224	Marionette	INFO	Marionette enabled
1677810287226	Marionette	INFO	Listening on port 34845
Read port: 34845
WebDriver BiDi listening on ws://127.0.0.1:43931
1677810287292	RemoteAgent	WARN	TLS certificate errors will be ignored for this session
[GFX1-]: RenderCompositorSWGL failed mapping default framebuffer, no dt
console.error: ({})
console.warn: SearchSettings: "get: No settings file exists, new profile?" (new NotFoundError("Could not open the file at /tmp/rust_mozprofileGX5Ht3/search.json.mozlz4", (void 0)))
DevTools listening on ws://127.0.0.1:43931/devtools/browser/8dd2db51-7216-4d37-98bc-4557b051bca7
JavaScript warning: https://sportsbook.draftkings.com/oC4xc7vB6k2ezpUsmg/ua9iVfN0Yk/C0QIeWs8Bw/bh9/vGDhTQSI, line 1: unreachable code after return statement
libEGL warning: DRI2: failed to create dri screen
JavaScript warning: https://sportsbook.draftkings.com/oC4xc7vB6k2ezpUsmg/ua9iVfN0Yk/C0QIeWs8Bw/bh9/vGDhTQSI, line 1: WEBGL_debug_renderer_info is deprecated in Firefox and will be removed. Please use RENDERER.
JavaScript warning: https://sportsbook.draftkings.com/oC4xc7vB6k2ezpUsmg/ua9iVfN0Yk/C0QIeWs8Bw/bh9/vGDhTQSI, line 1: WEBGL_debug_renderer_info is deprecated in Firefox and will be removed. Please use RENDERER.
ALSA lib conf.c:4120:(snd_config_update_r) Cannot access file /usr/share/alsa/alsa.conf
ALSA lib seq.c:935:(snd_seq_open_noupdate) Unknown SEQ default
1677811334092	geckodriver	INFO	Listening on 127.0.0.1:36315
1677811334548	mozrunner::runner	INFO	Running command: "/snap/firefox/current/firefox.launcher" "--marionette" "--remote-debugging-port" "52167" "--remote-allow-hosts" "localhost" "-no-remote" "-profile" "/tmp/rust_mozprofile26zywQ"
Gtk-Message: 21:42:14.567: Not loading module "atk-bridge": The functionality is provided by GTK natively. Please try to not load it.
console.warn: services.settings: Ignoring preference override of remote settings server
console.warn: services.settings: Allow by setting MOZ_REMOTE_SETTINGS_DEVTOOLS=1 in the environment
[GFX1-]: glxtest: VA-API test failed: failed to initialise VAAPI connection.
1677811334989	Marionette	INFO	Marionette enabled
1677811334991	Marionette	INFO	Listening on port 38865
Read port: 38865
WebDriver BiDi listening on ws://127.0.0.1:52167
1677811335108	RemoteAgent	WARN	TLS certificate errors will be ignored for this session
console.error: ({})
console.warn: SearchSettings: "get: No settings file exists, new profile?" (new NotFoundError("Could not open the file at /tmp/rust_mozprofile26zywQ/search.json.mozlz4", (void 0)))
DevTools listening on ws://127.0.0.1:52167/devtools/browser/d30e2762-0c22-417a-9f29-f51b1cacfbd0
JavaScript warning: https://sportsbook.draftkings.com/oC4xc7vB6k2ezpUsmg/ua9iVfN0Yk/C0QIeWs8Bw/bh9/vGDhTQSI, line 1: unreachable code after return statement
JavaScript warning: https://sportsbook.draftkings.com/oC4xc7vB6k2ezpUsmg/ua9iVfN0Yk/C0QIeWs8Bw/bh9/vGDhTQSI, line 1: WEBGL_debug_renderer_info is deprecated in Firefox and will be removed. Please use RENDERER.
JavaScript warning: https://sportsbook.draftkings.com/oC4xc7vB6k2ezpUsmg/ua9iVfN0Yk/C0QIeWs8Bw/bh9/vGDhTQSI, line 1: WEBGL_debug_renderer_info is deprecated in Firefox and will be removed. Please use RENDERER.
ALSA lib conf.c:4120:(snd_config_update_r) Cannot access file /usr/share/alsa/alsa.conf
ALSA lib seq.c:935:(snd_seq_open_noupdate) Unknown SEQ default
JavaScript warning: https://sportsbook.draftkings.com/oC4xc7vB6k2ezpUsmg/ua9iVfN0Yk/C0QIeWs8Bw/bh9/vGDhTQSI, line 1: unreachable code after return statement
JavaScript warning: https://sportsbook.draftkings.com/oC4xc7vB6k2ezpUsmg/ua9iVfN0Yk/C0QIeWs8Bw/bh9/vGDhTQSI, line 1: WEBGL_debug_renderer_info is deprecated in Firefox and will be removed. Please use RENDERER.
JavaScript warning: https://sportsbook.draftkings.com/oC4xc7vB6k2ezpUsmg/ua9iVfN0Yk/C0QIeWs8Bw/bh9/vGDhTQSI, line 1: WEBGL_debug_renderer_info is deprecated in Firefox and will be removed. Please use RENDERER.
JavaScript warning: https://sportsbook.draftkings.com/oC4xc7vB6k2ezpUsmg/ua9iVfN0Yk/C0QIeWs8Bw/bh9/vGDhTQSI, line 1: unreachable code after return statement
JavaScript warning: https://sportsbook.draftkings.com/oC4xc7vB6k2ezpUsmg/ua9iVfN0Yk/C0QIeWs8Bw/bh9/vGDhTQSI, line 1: WEBGL_debug_renderer_info is deprecated in Firefox and will be removed. Please use RENDERER.
JavaScript warning: https://sportsbook.draftkings.com/oC4xc7vB6k2ezpUsmg/ua9iVfN0Yk/C0QIeWs8Bw/bh9/vGDhTQSI, line 1: WEBGL_debug_renderer_info is deprecated in Firefox and will be removed. Please use RENDERER.
1677817196636	Marionette	INFO	Stopped listening on port 38865
console.warn: TopSitesFeed: Failed to fetch data from Contile server: NetworkError when attempting to fetch resource.
1677817227428	geckodriver	INFO	Listening on 127.0.0.1:38415
1677817227882	mozrunner::runner	INFO	Running command: "/snap/firefox/current/firefox.launcher" "--marionette" "-headless" "--remote-debugging-port" "39497" "--remote-allow-hosts" "localhost" "-no-remote" "-profile" "/tmp/rust_mozprofile0uULXE"
*** You are running in headless mode.
Gtk-Message: 23:20:27.899: Not loading module "atk-bridge": The functionality is provided by GTK natively. Please try to not load it.
console.warn: services.settings: Ignoring preference override of remote settings server
console.warn: services.settings: Allow by setting MOZ_REMOTE_SETTINGS_DEVTOOLS=1 in the environment
[GFX1-]: glxtest: VA-API test failed: failed to initialise VAAPI connection.
1677817228050	Marionette	INFO	Marionette enabled
1677817228052	Marionette	INFO	Listening on port 33951
Read port: 33951
WebDriver BiDi listening on ws://127.0.0.1:39497
1677817228121	RemoteAgent	WARN	TLS certificate errors will be ignored for this session
[GFX1-]: RenderCompositorSWGL failed mapping default framebuffer, no dt
console.error: ({})
console.warn: SearchSettings: "get: No settings file exists, new profile?" (new NotFoundError("Could not open the file at /tmp/rust_mozprofile0uULXE/search.json.mozlz4", (void 0)))
DevTools listening on ws://127.0.0.1:39497/devtools/browser/9e924080-b245-452b-9796-c76688ec18ac
JavaScript warning: https://sportsbook.draftkings.com/oC4xc7vB6k2ezpUsmg/ua9iVfN0Yk/C0QIeWs8Bw/bh9/vGDhTQSI, line 1: unreachable code after return statement
libEGL warning: DRI2: failed to create dri screen
JavaScript warning: https://sportsbook.draftkings.com/oC4xc7vB6k2ezpUsmg/ua9iVfN0Yk/C0QIeWs8Bw/bh9/vGDhTQSI, line 1: WEBGL_debug_renderer_info is deprecated in Firefox and will be removed. Please use RENDERER.
JavaScript warning: https://sportsbook.draftkings.com/oC4xc7vB6k2ezpUsmg/ua9iVfN0Yk/C0QIeWs8Bw/bh9/vGDhTQSI, line 1: WEBGL_debug_renderer_info is deprecated in Firefox and will be removed. Please use RENDERER.
1677817232955	Marionette	INFO	Stopped listening on port 33951
1677820116742	geckodriver	INFO	Listening on 127.0.0.1:33893
1677820117195	mozrunner::runner	INFO	Running command: "/snap/firefox/current/firefox.launcher" "--marionette" "-headless" "--remote-debugging-port" "56441" "--remote-allow-hosts" "localhost" "-no-remote" "-profile" "/tmp/rust_mozprofilel42cVc"
*** You are running in headless mode.
Gtk-Message: 00:08:37.213: Not loading module "atk-bridge": The functionality is provided by GTK natively. Please try to not load it.
console.warn: services.settings: Ignoring preference override of remote settings server
console.warn: services.settings: Allow by setting MOZ_REMOTE_SETTINGS_DEVTOOLS=1 in the environment
[GFX1-]: glxtest: VA-API test failed: failed to initialise VAAPI connection.
1677820117361	Marionette	INFO	Marionette enabled
1677820117363	Marionette	INFO	Listening on port 39089
Read port: 39089
WebDriver BiDi listening on ws://127.0.0.1:56441
1677820117431	RemoteAgent	WARN	TLS certificate errors will be ignored for this session
[GFX1-]: RenderCompositorSWGL failed mapping default framebuffer, no dt
console.error: ({})
console.warn: SearchSettings: "get: No settings file exists, new profile?" (new NotFoundError("Could not open the file at /tmp/rust_mozprofilel42cVc/search.json.mozlz4", (void 0)))
DevTools listening on ws://127.0.0.1:56441/devtools/browser/faad8f9c-cd9f-47eb-b404-0b296906a20d
libEGL warning: DRI2: failed to create dri screen
JavaScript warning: https://sportsbook.draftkings.com/oC4xc7vB6k2ezpUsmg/ua9iVfN0Yk/C0QIeWs8Bw/bh9/vGDhTQSI, line 1: unreachable code after return statement
JavaScript warning: https://sportsbook.draftkings.com/oC4xc7vB6k2ezpUsmg/ua9iVfN0Yk/C0QIeWs8Bw/bh9/vGDhTQSI, line 1: WEBGL_debug_renderer_info is deprecated in Firefox and will be removed. Please use RENDERER.
JavaScript warning: https://sportsbook.draftkings.com/oC4xc7vB6k2ezpUsmg/ua9iVfN0Yk/C0QIeWs8Bw/bh9/vGDhTQSI, line 1: WEBGL_debug_renderer_info is deprecated in Firefox and will be removed. Please use RENDERER.
1677820129877	Marionette	INFO	Stopped listening on port 39089
1677820260720	geckodriver	INFO	Listening on 127.0.0.1:54189
1677820261173	mozrunner::runner	INFO	Running command: "/snap/firefox/current/firefox.launcher" "--marionette" "-headless" "--remote-debugging-port" "50141" "--remote-allow-hosts" "localhost" "-no-remote" "-profile" "/tmp/rust_mozprofileyYqxFo"
*** You are running in headless mode.
Gtk-Message: 00:11:01.191: Not loading module "atk-bridge": The functionality is provided by GTK natively. Please try to not load it.
console.warn: services.settings: Ignoring preference override of remote settings server
console.warn: services.settings: Allow by setting MOZ_REMOTE_SETTINGS_DEVTOOLS=1 in the environment
[GFX1-]: glxtest: VA-API test failed: failed to initialise VAAPI connection.
1677820261342	Marionette	INFO	Marionette enabled
1677820261344	Marionette	INFO	Listening on port 34861
Read port: 34861
WebDriver BiDi listening on ws://127.0.0.1:50141
1677820261413	RemoteAgent	WARN	TLS certificate errors will be ignored for this session
[GFX1-]: RenderCompositorSWGL failed mapping default framebuffer, no dt
console.error: ({})
console.warn: SearchSettings: "get: No settings file exists, new profile?" (new NotFoundError("Could not open the file at /tmp/rust_mozprofileyYqxFo/search.json.mozlz4", (void 0)))
DevTools listening on ws://127.0.0.1:50141/devtools/browser/19722330-e41c-4345-a3b4-890938b507c4
libEGL warning: DRI2: failed to create dri screen
JavaScript warning: https://sportsbook.draftkings.com/oC4xc7vB6k2ezpUsmg/ua9iVfN0Yk/C0QIeWs8Bw/bh9/vGDhTQSI, line 1: unreachable code after return statement
JavaScript warning: https://sportsbook.draftkings.com/oC4xc7vB6k2ezpUsmg/ua9iVfN0Yk/C0QIeWs8Bw/bh9/vGDhTQSI, line 1: WEBGL_debug_renderer_info is deprecated in Firefox and will be removed. Please use RENDERER.
JavaScript warning: https://sportsbook.draftkings.com/oC4xc7vB6k2ezpUsmg/ua9iVfN0Yk/C0QIeWs8Bw/bh9/vGDhTQSI, line 1: WEBGL_debug_renderer_info is deprecated in Firefox and will be removed. Please use RENDERER.
1677820274070	Marionette	INFO	Stopped listening on port 34861
1677820772850	geckodriver	INFO	Listening on 127.0.0.1:33077
1677820773304	mozrunner::runner	INFO	Running command: "/snap/firefox/current/firefox.launcher" "--marionette" "-headless" "--remote-debugging-port" "49707" "--remote-allow-hosts" "localhost" "-no-remote" "-profile" "/tmp/rust_mozprofiletRTVk6"
*** You are running in headless mode.
Gtk-Message: 00:19:33.322: Not loading module "atk-bridge": The functionality is provided by GTK natively. Please try to not load it.
console.warn: services.settings: Ignoring preference override of remote settings server
console.warn: services.settings: Allow by setting MOZ_REMOTE_SETTINGS_DEVTOOLS=1 in the environment
[GFX1-]: glxtest: VA-API test failed: failed to initialise VAAPI connection.
1677820773473	Marionette	INFO	Marionette enabled
1677820773475	Marionette	INFO	Listening on port 41223
Read port: 41223
WebDriver BiDi listening on ws://127.0.0.1:49707
1677820773543	RemoteAgent	WARN	TLS certificate errors will be ignored for this session
[GFX1-]: RenderCompositorSWGL failed mapping default framebuffer, no dt
console.error: ({})
console.warn: SearchSettings: "get: No settings file exists, new profile?" (new NotFoundError("Could not open the file at /tmp/rust_mozprofiletRTVk6/search.json.mozlz4", (void 0)))
DevTools listening on ws://127.0.0.1:49707/devtools/browser/97db540b-46c4-4a5f-902a-a2d97ac62e3f
1677820777047	Marionette	INFO	Stopped listening on port 41223
1677822138779	geckodriver	INFO	Listening on 127.0.0.1:43195
1677822139232	mozrunner::runner	INFO	Running command: "/snap/firefox/current/firefox.launcher" "--marionette" "-headless" "--remote-debugging-port" "35569" "--remote-allow-hosts" "localhost" "-no-remote" "-profile" "/tmp/rust_mozprofilelQISR2"
*** You are running in headless mode.
Gtk-Message: 00:42:19.250: Not loading module "atk-bridge": The functionality is provided by GTK natively. Please try to not load it.
console.warn: services.settings: Ignoring preference override of remote settings server
console.warn: services.settings: Allow by setting MOZ_REMOTE_SETTINGS_DEVTOOLS=1 in the environment
[GFX1-]: glxtest: VA-API test failed: failed to initialise VAAPI connection.
1677822139403	Marionette	INFO	Marionette enabled
1677822139405	Marionette	INFO	Listening on port 39557
Read port: 39557
WebDriver BiDi listening on ws://127.0.0.1:35569
1677822139472	RemoteAgent	WARN	TLS certificate errors will be ignored for this session
[GFX1-]: RenderCompositorSWGL failed mapping default framebuffer, no dt
console.error: ({})
console.warn: SearchSettings: "get: No settings file exists, new profile?" (new NotFoundError("Could not open the file at /tmp/rust_mozprofilelQISR2/search.json.mozlz4", (void 0)))
DevTools listening on ws://127.0.0.1:35569/devtools/browser/8c716919-5058-451f-8bb4-041d6931532e
1677822142824	Marionette	INFO	Stopped listening on port 39557
1677822184386	geckodriver	INFO	Listening on 127.0.0.1:41877
1677822184839	mozrunner::runner	INFO	Running command: "/snap/firefox/current/firefox.launcher" "--marionette" "-headless" "--remote-debugging-port" "59797" "--remote-allow-hosts" "localhost" "-no-remote" "-profile" "/tmp/rust_mozprofileejdqdH"
*** You are running in headless mode.
Gtk-Message: 00:43:04.857: Not loading module "atk-bridge": The functionality is provided by GTK natively. Please try to not load it.
console.warn: services.settings: Ignoring preference override of remote settings server
console.warn: services.settings: Allow by setting MOZ_REMOTE_SETTINGS_DEVTOOLS=1 in the environment
[GFX1-]: glxtest: VA-API test failed: failed to initialise VAAPI connection.
1677822185006	Marionette	INFO	Marionette enabled
1677822185008	Marionette	INFO	Listening on port 43391
Read port: 43391
WebDriver BiDi listening on ws://127.0.0.1:59797
1677822185076	RemoteAgent	WARN	TLS certificate errors will be ignored for this session
[GFX1-]: RenderCompositorSWGL failed mapping default framebuffer, no dt
console.error: ({})
console.warn: SearchSettings: "get: No settings file exists, new profile?" (new NotFoundError("Could not open the file at /tmp/rust_mozprofileejdqdH/search.json.mozlz4", (void 0)))
DevTools listening on ws://127.0.0.1:59797/devtools/browser/a644a927-9998-49df-a192-8e3cf8403dc1
1677822188554	Marionette	INFO	Stopped listening on port 43391
1677822419679	geckodriver	INFO	Listening on 127.0.0.1:35803
1677822420133	mozrunner::runner	INFO	Running command: "/snap/firefox/current/firefox.launcher" "--marionette" "-headless" "--remote-debugging-port" "37717" "--remote-allow-hosts" "localhost" "-no-remote" "-profile" "/tmp/rust_mozprofileGb0yrX"
*** You are running in headless mode.
Gtk-Message: 00:47:00.151: Not loading module "atk-bridge": The functionality is provided by GTK natively. Please try to not load it.
console.warn: services.settings: Ignoring preference override of remote settings server
console.warn: services.settings: Allow by setting MOZ_REMOTE_SETTINGS_DEVTOOLS=1 in the environment
[GFX1-]: glxtest: VA-API test failed: failed to initialise VAAPI connection.
1677822420308	Marionette	INFO	Marionette enabled
1677822420310	Marionette	INFO	Listening on port 46403
Read port: 46403
WebDriver BiDi listening on ws://127.0.0.1:37717
1677822420380	RemoteAgent	WARN	TLS certificate errors will be ignored for this session
[GFX1-]: RenderCompositorSWGL failed mapping default framebuffer, no dt
console.error: ({})
console.warn: SearchSettings: "get: No settings file exists, new profile?" (new NotFoundError("Could not open the file at /tmp/rust_mozprofileGb0yrX/search.json.mozlz4", (void 0)))
DevTools listening on ws://127.0.0.1:37717/devtools/browser/386241f9-bd26-4e6e-b605-98d2d92b2de6
1677822423529	Marionette	INFO	Stopped listening on port 46403
1677822489216	geckodriver	INFO	Listening on 127.0.0.1:59027
1677822489669	mozrunner::runner	INFO	Running command: "/snap/firefox/current/firefox.launcher" "--marionette" "-headless" "--remote-debugging-port" "43545" "--remote-allow-hosts" "localhost" "-no-remote" "-profile" "/tmp/rust_mozprofilenXXv2V"
*** You are running in headless mode.
Gtk-Message: 00:48:09.688: Not loading module "atk-bridge": The functionality is provided by GTK natively. Please try to not load it.
console.warn: services.settings: Ignoring preference override of remote settings server
console.warn: services.settings: Allow by setting MOZ_REMOTE_SETTINGS_DEVTOOLS=1 in the environment
[GFX1-]: glxtest: VA-API test failed: failed to initialise VAAPI connection.
1677822489839	Marionette	INFO	Marionette enabled
1677822489841	Marionette	INFO	Listening on port 34033
Read port: 34033
WebDriver BiDi listening on ws://127.0.0.1:43545
1677822489908	RemoteAgent	WARN	TLS certificate errors will be ignored for this session
[GFX1-]: RenderCompositorSWGL failed mapping default framebuffer, no dt
console.error: ({})
console.warn: SearchSettings: "get: No settings file exists, new profile?" (new NotFoundError("Could not open the file at /tmp/rust_mozprofilenXXv2V/search.json.mozlz4", (void 0)))
DevTools listening on ws://127.0.0.1:43545/devtools/browser/4b6f8d55-8d90-457d-912e-c2302e6a950f
1677822493243	Marionette	INFO	Stopped listening on port 34033
Exiting due to channel error.
Exiting due to channel error.
Exiting due to channel error.
1678253649504	geckodriver	INFO	Listening on 127.0.0.1:36019
1678253649960	mozrunner::runner	INFO	Running command: "/snap/firefox/current/firefox.launcher" "--marionette" "-headless" "--remote-debugging-port" "47845" "--remote-allow-hosts" "localhost" "-no-remote" "-profile" "/tmp/rust_mozprofileEardOU"
*** You are running in headless mode.
Gtk-Message: 00:34:09.977: Not loading module "atk-bridge": The functionality is provided by GTK natively. Please try to not load it.
console.warn: services.settings: Ignoring preference override of remote settings server
console.warn: services.settings: Allow by setting MOZ_REMOTE_SETTINGS_DEVTOOLS=1 in the environment
[GFX1-]: glxtest: VA-API test failed: failed to initialise VAAPI connection.
1678253650135	Marionette	INFO	Marionette enabled
1678253650137	Marionette	INFO	Listening on port 33875
Read port: 33875
WebDriver BiDi listening on ws://127.0.0.1:47845
1678253650201	RemoteAgent	WARN	TLS certificate errors will be ignored for this session
[GFX1-]: RenderCompositorSWGL failed mapping default framebuffer, no dt
console.error: ({})
console.warn: SearchSettings: "get: No settings file exists, new profile?" (new NotFoundError("Could not open the file at /tmp/rust_mozprofileEardOU/search.json.mozlz4", (void 0)))
DevTools listening on ws://127.0.0.1:47845/devtools/browser/b45f8653-807d-49f3-8e25-9fb3501cb375
1678253654781	Marionette	INFO	Stopped listening on port 33875
1678253703360	geckodriver	INFO	Listening on 127.0.0.1:36513
1678253703816	mozrunner::runner	INFO	Running command: "/snap/firefox/current/firefox.launcher" "--marionette" "-headless" "--remote-debugging-port" "58239" "--remote-allow-hosts" "localhost" "-no-remote" "-profile" "/tmp/rust_mozprofileZN4Mjo"
*** You are running in headless mode.
Gtk-Message: 00:35:03.832: Not loading module "atk-bridge": The functionality is provided by GTK natively. Please try to not load it.
console.warn: services.settings: Ignoring preference override of remote settings server
console.warn: services.settings: Allow by setting MOZ_REMOTE_SETTINGS_DEVTOOLS=1 in the environment
[GFX1-]: glxtest: VA-API test failed: failed to initialise VAAPI connection.
1678253703980	Marionette	INFO	Marionette enabled
1678253703982	Marionette	INFO	Listening on port 40381
Read port: 40381
WebDriver BiDi listening on ws://127.0.0.1:58239
1678253704047	RemoteAgent	WARN	TLS certificate errors will be ignored for this session
[GFX1-]: RenderCompositorSWGL failed mapping default framebuffer, no dt
console.error: ({})
console.warn: SearchSettings: "get: No settings file exists, new profile?" (new NotFoundError("Could not open the file at /tmp/rust_mozprofileZN4Mjo/search.json.mozlz4", (void 0)))
DevTools listening on ws://127.0.0.1:58239/devtools/browser/6be763fd-e518-479d-b800-a3b075cf3e30
1678253707861	Marionette	INFO	Stopped listening on port 40381
1678254018691	geckodriver	INFO	Listening on 127.0.0.1:58497
1678254019146	mozrunner::runner	INFO	Running command: "/snap/firefox/current/firefox.launcher" "--marionette" "-headless" "--remote-debugging-port" "48639" "--remote-allow-hosts" "localhost" "-no-remote" "-profile" "/tmp/rust_mozprofile3vyh8Y"
*** You are running in headless mode.
Gtk-Message: 00:40:19.163: Not loading module "atk-bridge": The functionality is provided by GTK natively. Please try to not load it.
console.warn: services.settings: Ignoring preference override of remote settings server
console.warn: services.settings: Allow by setting MOZ_REMOTE_SETTINGS_DEVTOOLS=1 in the environment
[GFX1-]: glxtest: VA-API test failed: failed to initialise VAAPI connection.
1678254019308	Marionette	INFO	Marionette enabled
1678254019310	Marionette	INFO	Listening on port 41419
Read port: 41419
WebDriver BiDi listening on ws://127.0.0.1:48639
1678254019382	RemoteAgent	WARN	TLS certificate errors will be ignored for this session
[GFX1-]: RenderCompositorSWGL failed mapping default framebuffer, no dt
console.error: ({})
console.warn: SearchSettings: "get: No settings file exists, new profile?" (new NotFoundError("Could not open the file at /tmp/rust_mozprofile3vyh8Y/search.json.mozlz4", (void 0)))
DevTools listening on ws://127.0.0.1:48639/devtools/browser/75eaa0f1-9a99-4b70-8225-5af36d63b4bc
1678254023665	Marionette	INFO	Stopped listening on port 41419
1678254107769	geckodriver	INFO	Listening on 127.0.0.1:38883
1678254108226	mozrunner::runner	INFO	Running command: "/snap/firefox/current/firefox.launcher" "--marionette" "-headless" "--remote-debugging-port" "59587" "--remote-allow-hosts" "localhost" "-no-remote" "-profile" "/tmp/rust_mozprofile9u9Skn"
*** You are running in headless mode.
Gtk-Message: 00:41:48.243: Not loading module "atk-bridge": The functionality is provided by GTK natively. Please try to not load it.
console.warn: services.settings: Ignoring preference override of remote settings server
console.warn: services.settings: Allow by setting MOZ_REMOTE_SETTINGS_DEVTOOLS=1 in the environment
[GFX1-]: glxtest: VA-API test failed: failed to initialise VAAPI connection.
1678254108382	Marionette	INFO	Marionette enabled
1678254108384	Marionette	INFO	Listening on port 35619
Read port: 35619
WebDriver BiDi listening on ws://127.0.0.1:59587
1678254108457	RemoteAgent	WARN	TLS certificate errors will be ignored for this session
[GFX1-]: RenderCompositorSWGL failed mapping default framebuffer, no dt
console.error: ({})
console.warn: SearchSettings: "get: No settings file exists, new profile?" (new NotFoundError("Could not open the file at /tmp/rust_mozprofile9u9Skn/search.json.mozlz4", (void 0)))
DevTools listening on ws://127.0.0.1:59587/devtools/browser/5e69e09c-8410-4f5f-8a6c-fb21d2753b31
1678254112346	Marionette	INFO	Stopped listening on port 35619
1678254363125	geckodriver	INFO	Listening on 127.0.0.1:33891
1678254363583	mozrunner::runner	INFO	Running command: "/snap/firefox/current/firefox.launcher" "--marionette" "-headless" "--remote-debugging-port" "39451" "--remote-allow-hosts" "localhost" "-no-remote" "-profile" "/tmp/rust_mozprofilevyHAlU"
*** You are running in headless mode.
Gtk-Message: 00:46:03.599: Not loading module "atk-bridge": The functionality is provided by GTK natively. Please try to not load it.
console.warn: services.settings: Ignoring preference override of remote settings server
console.warn: services.settings: Allow by setting MOZ_REMOTE_SETTINGS_DEVTOOLS=1 in the environment
[GFX1-]: glxtest: VA-API test failed: failed to initialise VAAPI connection.
1678254363742	Marionette	INFO	Marionette enabled
1678254363744	Marionette	INFO	Listening on port 33117
Read port: 33117
WebDriver BiDi listening on ws://127.0.0.1:39451
1678254363819	RemoteAgent	WARN	TLS certificate errors will be ignored for this session
[GFX1-]: RenderCompositorSWGL failed mapping default framebuffer, no dt
console.error: ({})
console.warn: SearchSettings: "get: No settings file exists, new profile?" (new NotFoundError("Could not open the file at /tmp/rust_mozprofilevyHAlU/search.json.mozlz4", (void 0)))
DevTools listening on ws://127.0.0.1:39451/devtools/browser/ffb8b3c8-082e-4073-8d57-c71d5b8a0d8a
ALSA lib conf.c:4120:(snd_config_update_r) Cannot access file /usr/share/alsa/alsa.conf
ALSA lib seq.c:935:(snd_seq_open_noupdate) Unknown SEQ default
1678254517213	geckodriver	INFO	Listening on 127.0.0.1:52811
1678254517671	mozrunner::runner	INFO	Running command: "/snap/firefox/current/firefox.launcher" "--marionette" "-headless" "--remote-debugging-port" "59185" "--remote-allow-hosts" "localhost" "-no-remote" "-profile" "/tmp/rust_mozprofileBUaRXE"
*** You are running in headless mode.
Gtk-Message: 00:48:37.689: Not loading module "atk-bridge": The functionality is provided by GTK natively. Please try to not load it.
console.warn: services.settings: Ignoring preference override of remote settings server
console.warn: services.settings: Allow by setting MOZ_REMOTE_SETTINGS_DEVTOOLS=1 in the environment
[GFX1-]: glxtest: VA-API test failed: failed to initialise VAAPI connection.
1678254517856	Marionette	INFO	Marionette enabled
1678254517858	Marionette	INFO	Listening on port 44047
Read port: 44047
WebDriver BiDi listening on ws://127.0.0.1:59185
1678254517925	RemoteAgent	WARN	TLS certificate errors will be ignored for this session
[GFX1-]: RenderCompositorSWGL failed mapping default framebuffer, no dt
console.error: ({})
console.warn: SearchSettings: "get: No settings file exists, new profile?" (new NotFoundError("Could not open the file at /tmp/rust_mozprofileBUaRXE/search.json.mozlz4", (void 0)))
DevTools listening on ws://127.0.0.1:59185/devtools/browser/fc68433f-f252-4fe0-8d09-c3ee984630af
ALSA lib conf.c:4120:(snd_config_update_r) Cannot access file /usr/share/alsa/alsa.conf
ALSA lib seq.c:935:(snd_seq_open_noupdate) Unknown SEQ default
1678254565164	geckodriver	INFO	Listening on 127.0.0.1:54669
1678254565620	mozrunner::runner	INFO	Running command: "/snap/firefox/current/firefox.launcher" "--marionette" "-headless" "--remote-debugging-port" "48177" "--remote-allow-hosts" "localhost" "-no-remote" "-profile" "/tmp/rust_mozprofileJosJl0"
*** You are running in headless mode.
Gtk-Message: 00:49:25.637: Not loading module "atk-bridge": The functionality is provided by GTK natively. Please try to not load it.
console.warn: services.settings: Ignoring preference override of remote settings server
console.warn: services.settings: Allow by setting MOZ_REMOTE_SETTINGS_DEVTOOLS=1 in the environment
[GFX1-]: glxtest: VA-API test failed: failed to initialise VAAPI connection.
1678254565780	Marionette	INFO	Marionette enabled
1678254565783	Marionette	INFO	Listening on port 45281
Read port: 45281
WebDriver BiDi listening on ws://127.0.0.1:48177
1678254565857	RemoteAgent	WARN	TLS certificate errors will be ignored for this session
[GFX1-]: RenderCompositorSWGL failed mapping default framebuffer, no dt
console.error: ({})
console.warn: SearchSettings: "get: No settings file exists, new profile?" (new NotFoundError("Could not open the file at /tmp/rust_mozprofileJosJl0/search.json.mozlz4", (void 0)))
DevTools listening on ws://127.0.0.1:48177/devtools/browser/1736c70e-7645-4a03-a467-68fc324fbc8d
ALSA lib conf.c:4120:(snd_config_update_r) Cannot access file /usr/share/alsa/alsa.conf
ALSA lib seq.c:935:(snd_seq_open_noupdate) Unknown SEQ default
1678254653369	geckodriver	INFO	Listening on 127.0.0.1:34925
1678254653825	mozrunner::runner	INFO	Running command: "/snap/firefox/current/firefox.launcher" "--marionette" "-headless" "--remote-debugging-port" "46989" "--remote-allow-hosts" "localhost" "-no-remote" "-profile" "/tmp/rust_mozprofileLhqN4Y"
*** You are running in headless mode.
Gtk-Message: 00:50:53.842: Not loading module "atk-bridge": The functionality is provided by GTK natively. Please try to not load it.
console.warn: services.settings: Ignoring preference override of remote settings server
console.warn: services.settings: Allow by setting MOZ_REMOTE_SETTINGS_DEVTOOLS=1 in the environment
[GFX1-]: glxtest: VA-API test failed: failed to initialise VAAPI connection.
1678254653986	Marionette	INFO	Marionette enabled
1678254653988	Marionette	INFO	Listening on port 42323
Read port: 42323
WebDriver BiDi listening on ws://127.0.0.1:46989
1678254654060	RemoteAgent	WARN	TLS certificate errors will be ignored for this session
[GFX1-]: RenderCompositorSWGL failed mapping default framebuffer, no dt
console.error: ({})
console.warn: SearchSettings: "get: No settings file exists, new profile?" (new NotFoundError("Could not open the file at /tmp/rust_mozprofileLhqN4Y/search.json.mozlz4", (void 0)))
DevTools listening on ws://127.0.0.1:46989/devtools/browser/00bdc50c-ff55-4836-bf30-439b7c85c464
ALSA lib conf.c:4120:(snd_config_update_r) Cannot access file /usr/share/alsa/alsa.conf
ALSA lib seq.c:935:(snd_seq_open_noupdate) Unknown SEQ default
1678255281764	geckodriver	INFO	Listening on 127.0.0.1:60241
1678255282220	mozrunner::runner	INFO	Running command: "/snap/firefox/current/firefox.launcher" "--marionette" "-headless" "--remote-debugging-port" "38589" "--remote-allow-hosts" "localhost" "-no-remote" "-profile" "/tmp/rust_mozprofiletuuonX"
*** You are running in headless mode.
Gtk-Message: 01:01:22.237: Not loading module "atk-bridge": The functionality is provided by GTK natively. Please try to not load it.
console.warn: services.settings: Ignoring preference override of remote settings server
console.warn: services.settings: Allow by setting MOZ_REMOTE_SETTINGS_DEVTOOLS=1 in the environment
[GFX1-]: glxtest: VA-API test failed: failed to initialise VAAPI connection.
1678255282382	Marionette	INFO	Marionette enabled
1678255282384	Marionette	INFO	Listening on port 43901
Read port: 43901
WebDriver BiDi listening on ws://127.0.0.1:38589
1678255282448	RemoteAgent	WARN	TLS certificate errors will be ignored for this session
[GFX1-]: RenderCompositorSWGL failed mapping default framebuffer, no dt
console.error: ({})
console.warn: SearchSettings: "get: No settings file exists, new profile?" (new NotFoundError("Could not open the file at /tmp/rust_mozprofiletuuonX/search.json.mozlz4", (void 0)))
DevTools listening on ws://127.0.0.1:38589/devtools/browser/61dbf84c-9545-4e66-8b25-c404d726fe6b
ALSA lib conf.c:4120:(snd_config_update_r) Cannot access file /usr/share/alsa/alsa.conf
ALSA lib seq.c:935:(snd_seq_open_noupdate) Unknown SEQ default
1678255388482	geckodriver	INFO	Listening on 127.0.0.1:55883
1678255388939	mozrunner::runner	INFO	Running command: "/snap/firefox/current/firefox.launcher" "--marionette" "-headless" "--remote-debugging-port" "59161" "--remote-allow-hosts" "localhost" "-no-remote" "-profile" "/tmp/rust_mozprofilePyxG81"
*** You are running in headless mode.
Gtk-Message: 01:03:08.957: Not loading module "atk-bridge": The functionality is provided by GTK natively. Please try to not load it.
console.warn: services.settings: Ignoring preference override of remote settings server
console.warn: services.settings: Allow by setting MOZ_REMOTE_SETTINGS_DEVTOOLS=1 in the environment
[GFX1-]: glxtest: VA-API test failed: failed to initialise VAAPI connection.
1678255389104	Marionette	INFO	Marionette enabled
1678255389106	Marionette	INFO	Listening on port 35411
Read port: 35411
WebDriver BiDi listening on ws://127.0.0.1:59161
1678255389172	RemoteAgent	WARN	TLS certificate errors will be ignored for this session
[GFX1-]: RenderCompositorSWGL failed mapping default framebuffer, no dt
console.error: ({})
console.warn: SearchSettings: "get: No settings file exists, new profile?" (new NotFoundError("Could not open the file at /tmp/rust_mozprofilePyxG81/search.json.mozlz4", (void 0)))
DevTools listening on ws://127.0.0.1:59161/devtools/browser/bf41c829-1d04-4eee-abd0-d9853afc6e69
1678255392761	Marionette	INFO	Stopped listening on port 35411
1678318788205	geckodriver	INFO	Listening on 127.0.0.1:43263
1678318788659	mozrunner::runner	INFO	Running command: "/snap/firefox/current/firefox.launcher" "--marionette" "-headless" "--remote-debugging-port" "57781" "--remote-allow-hosts" "localhost" "-no-remote" "-profile" "/tmp/rust_mozprofilewwxi2R"
*** You are running in headless mode.
Gtk-Message: 18:39:48.677: Not loading module "atk-bridge": The functionality is provided by GTK natively. Please try to not load it.
console.warn: services.settings: Ignoring preference override of remote settings server
console.warn: services.settings: Allow by setting MOZ_REMOTE_SETTINGS_DEVTOOLS=1 in the environment
[GFX1-]: glxtest: VA-API test failed: failed to initialise VAAPI connection.
1678318788821	Marionette	INFO	Marionette enabled
1678318788823	Marionette	INFO	Listening on port 43825
Read port: 43825
WebDriver BiDi listening on ws://127.0.0.1:57781
1678318788889	RemoteAgent	WARN	TLS certificate errors will be ignored for this session
[GFX1-]: RenderCompositorSWGL failed mapping default framebuffer, no dt
console.error: ({})
console.warn: SearchSettings: "get: No settings file exists, new profile?" (new NotFoundError("Could not open the file at /tmp/rust_mozprofilewwxi2R/search.json.mozlz4", (void 0)))
DevTools listening on ws://127.0.0.1:57781/devtools/browser/4cd5a031-f62c-4352-b66e-ccf97a49c157
1678318793456	Marionette	INFO	Stopped listening on port 43825
1678319125717	geckodriver	INFO	Listening on 127.0.0.1:45825
1678319126171	mozrunner::runner	INFO	Running command: "/snap/firefox/current/firefox.launcher" "--marionette" "-headless" "--remote-debugging-port" "54729" "--remote-allow-hosts" "localhost" "-no-remote" "-profile" "/tmp/rust_mozprofile7mGdh8"
*** You are running in headless mode.
Gtk-Message: 18:45:26.187: Not loading module "atk-bridge": The functionality is provided by GTK natively. Please try to not load it.
console.warn: services.settings: Ignoring preference override of remote settings server
console.warn: services.settings: Allow by setting MOZ_REMOTE_SETTINGS_DEVTOOLS=1 in the environment
[GFX1-]: glxtest: VA-API test failed: failed to initialise VAAPI connection.
1678319126355	Marionette	INFO	Marionette enabled
1678319126357	Marionette	INFO	Listening on port 38869
Read port: 38869
WebDriver BiDi listening on ws://127.0.0.1:54729
1678319126426	RemoteAgent	WARN	TLS certificate errors will be ignored for this session
[GFX1-]: RenderCompositorSWGL failed mapping default framebuffer, no dt
console.error: ({})
console.warn: SearchSettings: "get: No settings file exists, new profile?" (new NotFoundError("Could not open the file at /tmp/rust_mozprofile7mGdh8/search.json.mozlz4", (void 0)))
DevTools listening on ws://127.0.0.1:54729/devtools/browser/83f468f1-86c2-4bfd-8f91-9fdda0a895f3
1678319130036	Marionette	INFO	Stopped listening on port 38869
JavaScript error: resource://gre/modules/Sqlite.sys.mjs, line 1208: Error: Sqlite.sys.mjs has been shutdown. Cannot open connection to: /tmp/rust_mozprofile7mGdh8/protections.sqlite
Exiting due to channel error.
Exiting due to channel error.
Exiting due to channel error.
Exiting due to channel error.
Exiting due to channel error.
Exiting due to channel error.
Exiting due to channel error.
Exiting due to channel error.
Exiting due to channel error.
Exiting due to channel error.
Exiting due to channel error.
Exiting due to channel error.
Exiting due to channel error.
Exiting due to channel error.
Exiting due to channel error.
1678374890633	geckodriver	INFO	Listening on 127.0.0.1:44955
1678374891075	mozrunner::runner	INFO	Running command: "/snap/firefox/current/firefox.launcher" "--marionette" "-headless" "--remote-debugging-port" "37331" "--remote-allow-hosts" "localhost" "-no-remote" "-profile" "/tmp/rust_mozprofile32Gm24"
*** You are running in headless mode.
Gtk-Message: 10:14:51.092: Not loading module "atk-bridge": The functionality is provided by GTK natively. Please try to not load it.
console.warn: services.settings: Ignoring preference override of remote settings server
console.warn: services.settings: Allow by setting MOZ_REMOTE_SETTINGS_DEVTOOLS=1 in the environment
[GFX1-]: glxtest: VA-API test failed: failed to initialise VAAPI connection.
1678374891329	Marionette	INFO	Marionette enabled
1678374891332	Marionette	INFO	Listening on port 37501
Read port: 37501
WebDriver BiDi listening on ws://127.0.0.1:37331
1678374891409	RemoteAgent	WARN	TLS certificate errors will be ignored for this session
[GFX1-]: RenderCompositorSWGL failed mapping default framebuffer, no dt
console.error: ({})
console.warn: SearchSettings: "get: No settings file exists, new profile?" (new NotFoundError("Could not open the file at /tmp/rust_mozprofile32Gm24/search.json.mozlz4", (void 0)))
DevTools listening on ws://127.0.0.1:37331/devtools/browser/95106221-e39c-4d52-8c35-4c9925823bfe
JavaScript warning: https://www.pgatour.com/_next/static/chunks/main-f86796ec34b8b5e9.js, line 1: unreachable code after return statement
1678374896510	Marionette	INFO	Stopped listening on port 37501
libEGL warning: DRI2: failed to create dri screen
JavaScript error: https://cdn.cookielaw.org/scripttemplates/202301.1.0/otBannerSdk.js, line 7: TypeError: r is undefined
1678375982502	geckodriver	INFO	Listening on 127.0.0.1:53913
1678375982955	mozrunner::runner	INFO	Running command: "/snap/firefox/current/firefox.launcher" "--marionette" "-headless" "--remote-debugging-port" "45719" "--remote-allow-hosts" "localhost" "-no-remote" "-profile" "/tmp/rust_mozprofileLVK6Qa"
*** You are running in headless mode.
Gtk-Message: 10:33:02.973: Not loading module "atk-bridge": The functionality is provided by GTK natively. Please try to not load it.
console.warn: services.settings: Ignoring preference override of remote settings server
console.warn: services.settings: Allow by setting MOZ_REMOTE_SETTINGS_DEVTOOLS=1 in the environment
[GFX1-]: glxtest: VA-API test failed: failed to initialise VAAPI connection.
1678375983111	Marionette	INFO	Marionette enabled
1678375983113	Marionette	INFO	Listening on port 36657
Read port: 36657
WebDriver BiDi listening on ws://127.0.0.1:45719
1678375983187	RemoteAgent	WARN	TLS certificate errors will be ignored for this session
[GFX1-]: RenderCompositorSWGL failed mapping default framebuffer, no dt
console.error: ({})
console.warn: SearchSettings: "get: No settings file exists, new profile?" (new NotFoundError("Could not open the file at /tmp/rust_mozprofileLVK6Qa/search.json.mozlz4", (void 0)))
DevTools listening on ws://127.0.0.1:45719/devtools/browser/44686574-92eb-4ca2-becb-faf00572a218
JavaScript warning: https://www.pgatour.com/_next/static/chunks/main-f86796ec34b8b5e9.js, line 1: unreachable code after return statement
libEGL warning: DRI2: failed to create dri screen
1678375990191	Marionette	INFO	Stopped listening on port 36657
1678377161959	geckodriver	INFO	Listening on 127.0.0.1:34569
1678377162416	mozrunner::runner	INFO	Running command: "/snap/firefox/current/firefox.launcher" "--marionette" "-headless" "--remote-debugging-port" "40401" "--remote-allow-hosts" "localhost" "-no-remote" "-profile" "/tmp/rust_mozprofilerbpGNf"
*** You are running in headless mode.
Gtk-Message: 10:52:42.434: Not loading module "atk-bridge": The functionality is provided by GTK natively. Please try to not load it.
console.warn: services.settings: Ignoring preference override of remote settings server
console.warn: services.settings: Allow by setting MOZ_REMOTE_SETTINGS_DEVTOOLS=1 in the environment
[GFX1-]: glxtest: VA-API test failed: failed to initialise VAAPI connection.
1678377162577	Marionette	INFO	Marionette enabled
1678377162579	Marionette	INFO	Listening on port 46253
Read port: 46253
WebDriver BiDi listening on ws://127.0.0.1:40401
1678377162651	RemoteAgent	WARN	TLS certificate errors will be ignored for this session
[GFX1-]: RenderCompositorSWGL failed mapping default framebuffer, no dt
console.error: ({})
console.warn: SearchSettings: "get: No settings file exists, new profile?" (new NotFoundError("Could not open the file at /tmp/rust_mozprofilerbpGNf/search.json.mozlz4", (void 0)))
DevTools listening on ws://127.0.0.1:40401/devtools/browser/9e5de63b-78c5-44f6-b4c9-b43b52f5cf85
JavaScript warning: https://www.pgatour.com/_next/static/chunks/main-f86796ec34b8b5e9.js, line 1: unreachable code after return statement
libEGL warning: DRI2: failed to create dri screen
1678377166262	Marionette	INFO	Stopped listening on port 46253
1678378895089	geckodriver	INFO	Listening on 127.0.0.1:37077
1678378895546	mozrunner::runner	INFO	Running command: "/snap/firefox/current/firefox.launcher" "--marionette" "-headless" "--remote-debugging-port" "37659" "--remote-allow-hosts" "localhost" "-no-remote" "-profile" "/tmp/rust_mozprofileVwGCh8"
*** You are running in headless mode.
Gtk-Message: 11:21:35.569: Not loading module "atk-bridge": The functionality is provided by GTK natively. Please try to not load it.
console.warn: services.settings: Ignoring preference override of remote settings server
console.warn: services.settings: Allow by setting MOZ_REMOTE_SETTINGS_DEVTOOLS=1 in the environment
[GFX1-]: glxtest: VA-API test failed: failed to initialise VAAPI connection.
1678378895716	Marionette	INFO	Marionette enabled
1678378895718	Marionette	INFO	Listening on port 36125
Read port: 36125
WebDriver BiDi listening on ws://127.0.0.1:37659
1678378895792	RemoteAgent	WARN	TLS certificate errors will be ignored for this session
[GFX1-]: RenderCompositorSWGL failed mapping default framebuffer, no dt
console.error: ({})
console.warn: SearchSettings: "get: No settings file exists, new profile?" (new NotFoundError("Could not open the file at /tmp/rust_mozprofileVwGCh8/search.json.mozlz4", (void 0)))
DevTools listening on ws://127.0.0.1:37659/devtools/browser/272ed1b8-b164-46f8-beaf-6af477f9b3fa
JavaScript warning: https://www.pgatour.com/_next/static/chunks/main-f86796ec34b8b5e9.js, line 1: unreachable code after return statement
libEGL warning: DRI2: failed to create dri screen
1678378899460	Marionette	INFO	Stopped listening on port 36125
1678380318125	geckodriver	INFO	Listening on 127.0.0.1:40911
1678380318574	mozrunner::runner	INFO	Running command: "/snap/firefox/current/firefox.launcher" "--marionette" "-headless" "--remote-debugging-port" "35767" "--remote-allow-hosts" "localhost" "-no-remote" "-profile" "/tmp/rust_mozprofileiFZY2m"
*** You are running in headless mode.
Gtk-Message: 11:45:18.590: Not loading module "atk-bridge": The functionality is provided by GTK natively. Please try to not load it.
console.warn: services.settings: Ignoring preference override of remote settings server
console.warn: services.settings: Allow by setting MOZ_REMOTE_SETTINGS_DEVTOOLS=1 in the environment
[GFX1-]: glxtest: VA-API test failed: failed to initialise VAAPI connection.
1678380318746	Marionette	INFO	Marionette enabled
1678380318749	Marionette	INFO	Listening on port 39859
Read port: 39859
WebDriver BiDi listening on ws://127.0.0.1:35767
1678380318816	RemoteAgent	WARN	TLS certificate errors will be ignored for this session
[GFX1-]: RenderCompositorSWGL failed mapping default framebuffer, no dt
console.error: ({})
console.warn: SearchSettings: "get: No settings file exists, new profile?" (new NotFoundError("Could not open the file at /tmp/rust_mozprofileiFZY2m/search.json.mozlz4", (void 0)))
DevTools listening on ws://127.0.0.1:35767/devtools/browser/c2738158-9842-4796-a894-1244eabe1bdb
JavaScript warning: https://www.pgatour.com/_next/static/chunks/main-f86796ec34b8b5e9.js, line 1: unreachable code after return statement
1678380322328	Marionette	INFO	Stopped listening on port 39859
libEGL warning: DRI2: failed to create dri screen
1678380883193	geckodriver	INFO	Listening on 127.0.0.1:39801
1678380883648	mozrunner::runner	INFO	Running command: "/snap/firefox/current/firefox.launcher" "--marionette" "-headless" "--remote-debugging-port" "48049" "--remote-allow-hosts" "localhost" "-no-remote" "-profile" "/tmp/rust_mozprofileE4Z6Ok"
*** You are running in headless mode.
Gtk-Message: 11:54:43.664: Not loading module "atk-bridge": The functionality is provided by GTK natively. Please try to not load it.
console.warn: services.settings: Ignoring preference override of remote settings server
console.warn: services.settings: Allow by setting MOZ_REMOTE_SETTINGS_DEVTOOLS=1 in the environment
[GFX1-]: glxtest: VA-API test failed: failed to initialise VAAPI connection.
1678380883842	Marionette	INFO	Marionette enabled
1678380883844	Marionette	INFO	Listening on port 37359
Read port: 37359
WebDriver BiDi listening on ws://127.0.0.1:48049
1678380883908	RemoteAgent	WARN	TLS certificate errors will be ignored for this session
[GFX1-]: RenderCompositorSWGL failed mapping default framebuffer, no dt
console.error: ({})
console.warn: SearchSettings: "get: No settings file exists, new profile?" (new NotFoundError("Could not open the file at /tmp/rust_mozprofileE4Z6Ok/search.json.mozlz4", (void 0)))
DevTools listening on ws://127.0.0.1:48049/devtools/browser/e024bb3f-c62d-44c6-85c3-5cf62ec18ae1
JavaScript warning: https://www.pgatour.com/_next/static/chunks/main-f86796ec34b8b5e9.js, line 1: unreachable code after return statement
libEGL warning: DRI2: failed to create dri screen
1678380887514	Marionette	INFO	Stopped listening on port 37359
1678381747352	geckodriver	INFO	Listening on 127.0.0.1:37025
1678381747809	mozrunner::runner	INFO	Running command: "/snap/firefox/current/firefox.launcher" "--marionette" "-headless" "--remote-debugging-port" "54123" "--remote-allow-hosts" "localhost" "-no-remote" "-profile" "/tmp/rust_mozprofile5wqlEU"
*** You are running in headless mode.
Gtk-Message: 12:09:07.826: Not loading module "atk-bridge": The functionality is provided by GTK natively. Please try to not load it.
console.warn: services.settings: Ignoring preference override of remote settings server
console.warn: services.settings: Allow by setting MOZ_REMOTE_SETTINGS_DEVTOOLS=1 in the environment
[GFX1-]: glxtest: VA-API test failed: failed to initialise VAAPI connection.
1678381747969	Marionette	INFO	Marionette enabled
1678381747971	Marionette	INFO	Listening on port 37927
Read port: 37927
WebDriver BiDi listening on ws://127.0.0.1:54123
1678381748043	RemoteAgent	WARN	TLS certificate errors will be ignored for this session
[GFX1-]: RenderCompositorSWGL failed mapping default framebuffer, no dt
console.error: ({})
console.warn: SearchSettings: "get: No settings file exists, new profile?" (new NotFoundError("Could not open the file at /tmp/rust_mozprofile5wqlEU/search.json.mozlz4", (void 0)))
DevTools listening on ws://127.0.0.1:54123/devtools/browser/bd74061c-daf5-4f19-b209-d93d45d699d2
JavaScript warning: https://www.pgatour.com/_next/static/chunks/main-f86796ec34b8b5e9.js, line 1: unreachable code after return statement
libEGL warning: DRI2: failed to create dri screen
1678381753952	Marionette	INFO	Stopped listening on port 37927
1678381974730	geckodriver	INFO	Listening on 127.0.0.1:52667
1678381975185	mozrunner::runner	INFO	Running command: "/snap/firefox/current/firefox.launcher" "--marionette" "-headless" "--remote-debugging-port" "50001" "--remote-allow-hosts" "localhost" "-no-remote" "-profile" "/tmp/rust_mozprofilefAgmxm"
*** You are running in headless mode.
Gtk-Message: 12:12:55.203: Not loading module "atk-bridge": The functionality is provided by GTK natively. Please try to not load it.
console.warn: services.settings: Ignoring preference override of remote settings server
console.warn: services.settings: Allow by setting MOZ_REMOTE_SETTINGS_DEVTOOLS=1 in the environment
[GFX1-]: glxtest: VA-API test failed: failed to initialise VAAPI connection.
1678381975361	Marionette	INFO	Marionette enabled
1678381975363	Marionette	INFO	Listening on port 34105
Read port: 34105
WebDriver BiDi listening on ws://127.0.0.1:50001
1678381975428	RemoteAgent	WARN	TLS certificate errors will be ignored for this session
[GFX1-]: RenderCompositorSWGL failed mapping default framebuffer, no dt
console.error: ({})
console.warn: SearchSettings: "get: No settings file exists, new profile?" (new NotFoundError("Could not open the file at /tmp/rust_mozprofilefAgmxm/search.json.mozlz4", (void 0)))
DevTools listening on ws://127.0.0.1:50001/devtools/browser/1c113933-1eda-411d-b43e-65fad1bc9396
JavaScript warning: https://www.pgatour.com/_next/static/chunks/main-f86796ec34b8b5e9.js, line 1: unreachable code after return statement
libEGL warning: DRI2: failed to create dri screen
1678381979229	Marionette	INFO	Stopped listening on port 34105
1678383099325	geckodriver	INFO	Listening on 127.0.0.1:50235
1678383099781	mozrunner::runner	INFO	Running command: "/snap/firefox/current/firefox.launcher" "--marionette" "-headless" "--remote-debugging-port" "48877" "--remote-allow-hosts" "localhost" "-no-remote" "-profile" "/tmp/rust_mozprofilenixzl0"
*** You are running in headless mode.
Gtk-Message: 12:31:39.801: Not loading module "atk-bridge": The functionality is provided by GTK natively. Please try to not load it.
console.warn: services.settings: Ignoring preference override of remote settings server
console.warn: services.settings: Allow by setting MOZ_REMOTE_SETTINGS_DEVTOOLS=1 in the environment
[GFX1-]: glxtest: VA-API test failed: failed to initialise VAAPI connection.
1678383099943	Marionette	INFO	Marionette enabled
1678383099945	Marionette	INFO	Listening on port 45935
Read port: 45935
WebDriver BiDi listening on ws://127.0.0.1:48877
1678383100016	RemoteAgent	WARN	TLS certificate errors will be ignored for this session
[GFX1-]: RenderCompositorSWGL failed mapping default framebuffer, no dt
console.error: ({})
console.warn: SearchSettings: "get: No settings file exists, new profile?" (new NotFoundError("Could not open the file at /tmp/rust_mozprofilenixzl0/search.json.mozlz4", (void 0)))
DevTools listening on ws://127.0.0.1:48877/devtools/browser/21163bc3-65d6-44b4-8ded-6fecc4ed7130
JavaScript warning: https://www.pgatour.com/_next/static/chunks/main-f86796ec34b8b5e9.js, line 1: unreachable code after return statement
libEGL warning: DRI2: failed to create dri screen
1678383104937	Marionette	INFO	Stopped listening on port 45935
1678383207061	geckodriver	INFO	Listening on 127.0.0.1:36503
1678383207510	mozrunner::runner	INFO	Running command: "/snap/firefox/current/firefox.launcher" "--marionette" "-headless" "--remote-debugging-port" "37103" "--remote-allow-hosts" "localhost" "-no-remote" "-profile" "/tmp/rust_mozprofile90mvuf"
*** You are running in headless mode.
Gtk-Message: 12:33:27.528: Not loading module "atk-bridge": The functionality is provided by GTK natively. Please try to not load it.
console.warn: services.settings: Ignoring preference override of remote settings server
console.warn: services.settings: Allow by setting MOZ_REMOTE_SETTINGS_DEVTOOLS=1 in the environment
[GFX1-]: glxtest: VA-API test failed: failed to initialise VAAPI connection.
1678383207676	Marionette	INFO	Marionette enabled
1678383207678	Marionette	INFO	Listening on port 37519
Read port: 37519
WebDriver BiDi listening on ws://127.0.0.1:37103
1678383207742	RemoteAgent	WARN	TLS certificate errors will be ignored for this session
[GFX1-]: RenderCompositorSWGL failed mapping default framebuffer, no dt
console.error: ({})
console.warn: SearchSettings: "get: No settings file exists, new profile?" (new NotFoundError("Could not open the file at /tmp/rust_mozprofile90mvuf/search.json.mozlz4", (void 0)))
DevTools listening on ws://127.0.0.1:37103/devtools/browser/54591962-2bef-4604-8c11-006639b47148
JavaScript warning: https://www.pgatour.com/_next/static/chunks/main-f86796ec34b8b5e9.js, line 1: unreachable code after return statement
libEGL warning: DRI2: failed to create dri screen
1678383212650	Marionette	INFO	Stopped listening on port 37519
1678384240469	geckodriver	INFO	Listening on 127.0.0.1:51423
1678384240923	mozrunner::runner	INFO	Running command: "/snap/firefox/current/firefox.launcher" "--marionette" "-headless" "--remote-debugging-port" "48541" "--remote-allow-hosts" "localhost" "-no-remote" "-profile" "/tmp/rust_mozprofileYeTOpt"
*** You are running in headless mode.
Gtk-Message: 12:50:40.940: Not loading module "atk-bridge": The functionality is provided by GTK natively. Please try to not load it.
console.warn: services.settings: Ignoring preference override of remote settings server
console.warn: services.settings: Allow by setting MOZ_REMOTE_SETTINGS_DEVTOOLS=1 in the environment
[GFX1-]: glxtest: VA-API test failed: failed to initialise VAAPI connection.
1678384241079	Marionette	INFO	Marionette enabled
1678384241081	Marionette	INFO	Listening on port 34775
WebDriver BiDi listening on ws://127.0.0.1:48541
Read port: 34775
1678384241153	RemoteAgent	WARN	TLS certificate errors will be ignored for this session
[GFX1-]: RenderCompositorSWGL failed mapping default framebuffer, no dt
console.error: ({})
console.warn: SearchSettings: "get: No settings file exists, new profile?" (new NotFoundError("Could not open the file at /tmp/rust_mozprofileYeTOpt/search.json.mozlz4", (void 0)))
DevTools listening on ws://127.0.0.1:48541/devtools/browser/b153eda3-7021-4cde-aba4-713ab8588348
JavaScript warning: https://www.pgatour.com/_next/static/chunks/main-f86796ec34b8b5e9.js, line 1: unreachable code after return statement
libEGL warning: DRI2: failed to create dri screen
1678384244882	Marionette	INFO	Stopped listening on port 34775
1678384569014	geckodriver	INFO	Listening on 127.0.0.1:56529
1678384569464	mozrunner::runner	INFO	Running command: "/snap/firefox/current/firefox.launcher" "--marionette" "-headless" "--remote-debugging-port" "41763" "--remote-allow-hosts" "localhost" "-no-remote" "-profile" "/tmp/rust_mozprofileSWidj0"
*** You are running in headless mode.
Gtk-Message: 12:56:09.481: Not loading module "atk-bridge": The functionality is provided by GTK natively. Please try to not load it.
console.warn: services.settings: Ignoring preference override of remote settings server
console.warn: services.settings: Allow by setting MOZ_REMOTE_SETTINGS_DEVTOOLS=1 in the environment
[GFX1-]: glxtest: VA-API test failed: failed to initialise VAAPI connection.
1678384569767	Marionette	INFO	Marionette enabled
1678384569769	Marionette	INFO	Listening on port 39483
WebDriver BiDi listening on ws://127.0.0.1:41763
Read port: 39483
1678384569974	RemoteAgent	WARN	TLS certificate errors will be ignored for this session
[GFX1-]: RenderCompositorSWGL failed mapping default framebuffer, no dt
console.error: ({})
console.warn: SearchSettings: "get: No settings file exists, new profile?" (new NotFoundError("Could not open the file at /tmp/rust_mozprofileSWidj0/search.json.mozlz4", (void 0)))
DevTools listening on ws://127.0.0.1:41763/devtools/browser/9136788a-5da9-4d75-bd11-fb09d2d4e384
JavaScript warning: https://www.pgatour.com/_next/static/chunks/main-f86796ec34b8b5e9.js, line 1: unreachable code after return statement
libEGL warning: DRI2: failed to create dri screen
1678384573897	Marionette	INFO	Stopped listening on port 39483
1678384614777	geckodriver	INFO	Listening on 127.0.0.1:40457
1678384615233	mozrunner::runner	INFO	Running command: "/snap/firefox/current/firefox.launcher" "--marionette" "-headless" "--remote-debugging-port" "50473" "--remote-allow-hosts" "localhost" "-no-remote" "-profile" "/tmp/rust_mozprofileQ024gP"
*** You are running in headless mode.
Gtk-Message: 12:56:55.249: Not loading module "atk-bridge": The functionality is provided by GTK natively. Please try to not load it.
console.warn: services.settings: Ignoring preference override of remote settings server
console.warn: services.settings: Allow by setting MOZ_REMOTE_SETTINGS_DEVTOOLS=1 in the environment
[GFX1-]: glxtest: VA-API test failed: failed to initialise VAAPI connection.
1678384615450	Marionette	INFO	Marionette enabled
1678384615452	Marionette	INFO	Listening on port 43815
WebDriver BiDi listening on ws://127.0.0.1:50473
Read port: 43815
1678384615648	RemoteAgent	WARN	TLS certificate errors will be ignored for this session
[GFX1-]: RenderCompositorSWGL failed mapping default framebuffer, no dt
console.error: ({})
console.warn: SearchSettings: "get: No settings file exists, new profile?" (new NotFoundError("Could not open the file at /tmp/rust_mozprofileQ024gP/search.json.mozlz4", (void 0)))
DevTools listening on ws://127.0.0.1:50473/devtools/browser/58e513ce-a531-4adc-baf5-5b66cbe4ca64
JavaScript warning: https://www.pgatour.com/_next/static/chunks/main-f86796ec34b8b5e9.js, line 1: unreachable code after return statement
libEGL warning: DRI2: failed to create dri screen
1678384619056	Marionette	INFO	Stopped listening on port 43815
1678384742314	geckodriver	INFO	Listening on 127.0.0.1:53979
1678384742769	mozrunner::runner	INFO	Running command: "/snap/firefox/current/firefox.launcher" "--marionette" "-headless" "--remote-debugging-port" "45253" "--remote-allow-hosts" "localhost" "-no-remote" "-profile" "/tmp/rust_mozprofileEz8gwk"
*** You are running in headless mode.
Gtk-Message: 12:59:02.785: Not loading module "atk-bridge": The functionality is provided by GTK natively. Please try to not load it.
console.warn: services.settings: Ignoring preference override of remote settings server
console.warn: services.settings: Allow by setting MOZ_REMOTE_SETTINGS_DEVTOOLS=1 in the environment
[GFX1-]: glxtest: VA-API test failed: failed to initialise VAAPI connection.
1678384742925	Marionette	INFO	Marionette enabled
1678384742927	Marionette	INFO	Listening on port 33829
Read port: 33829
WebDriver BiDi listening on ws://127.0.0.1:45253
1678384743000	RemoteAgent	WARN	TLS certificate errors will be ignored for this session
[GFX1-]: RenderCompositorSWGL failed mapping default framebuffer, no dt
console.error: ({})
console.warn: SearchSettings: "get: No settings file exists, new profile?" (new NotFoundError("Could not open the file at /tmp/rust_mozprofileEz8gwk/search.json.mozlz4", (void 0)))
DevTools listening on ws://127.0.0.1:45253/devtools/browser/d412caa1-210f-43d7-8554-4b40566933f2
JavaScript warning: https://www.pgatour.com/_next/static/chunks/main-f86796ec34b8b5e9.js, line 1: unreachable code after return statement
libEGL warning: DRI2: failed to create dri screen
1678384746661	Marionette	INFO	Stopped listening on port 33829
1678384747453	geckodriver	INFO	Listening on 127.0.0.1:50015
1678384747905	mozrunner::runner	INFO	Running command: "/snap/firefox/current/firefox.launcher" "--marionette" "-headless" "--remote-debugging-port" "39931" "--remote-allow-hosts" "localhost" "-no-remote" "-profile" "/tmp/rust_mozprofilefIqmxS"
*** You are running in headless mode.
Gtk-Message: 12:59:07.922: Not loading module "atk-bridge": The functionality is provided by GTK natively. Please try to not load it.
console.warn: services.settings: Ignoring preference override of remote settings server
console.warn: services.settings: Allow by setting MOZ_REMOTE_SETTINGS_DEVTOOLS=1 in the environment
[GFX1-]: glxtest: VA-API test failed: failed to initialise VAAPI connection.
1678384748066	Marionette	INFO	Marionette enabled
1678384748068	Marionette	INFO	Listening on port 42539
Read port: 42539
WebDriver BiDi listening on ws://127.0.0.1:39931
1678384748142	RemoteAgent	WARN	TLS certificate errors will be ignored for this session
[GFX1-]: RenderCompositorSWGL failed mapping default framebuffer, no dt
console.error: ({})
console.warn: SearchSettings: "get: No settings file exists, new profile?" (new NotFoundError("Could not open the file at /tmp/rust_mozprofilefIqmxS/search.json.mozlz4", (void 0)))
DevTools listening on ws://127.0.0.1:39931/devtools/browser/56a6db36-915d-47b3-8479-399ef2e9dfa5
JavaScript warning: https://www.pgatour.com/_next/static/chunks/main-f86796ec34b8b5e9.js, line 1: unreachable code after return statement
libEGL warning: DRI2: failed to create dri screen
1678384751636	Marionette	INFO	Stopped listening on port 42539
1678384752333	geckodriver	INFO	Listening on 127.0.0.1:55503
1678384752789	mozrunner::runner	INFO	Running command: "/snap/firefox/current/firefox.launcher" "--marionette" "-headless" "--remote-debugging-port" "49893" "--remote-allow-hosts" "localhost" "-no-remote" "-profile" "/tmp/rust_mozprofile0PTqZM"
*** You are running in headless mode.
Gtk-Message: 12:59:12.807: Not loading module "atk-bridge": The functionality is provided by GTK natively. Please try to not load it.
console.warn: services.settings: Ignoring preference override of remote settings server
console.warn: services.settings: Allow by setting MOZ_REMOTE_SETTINGS_DEVTOOLS=1 in the environment
[GFX1-]: glxtest: VA-API test failed: failed to initialise VAAPI connection.
1678384752956	Marionette	INFO	Marionette enabled
1678384752958	Marionette	INFO	Listening on port 32971
Read port: 32971
WebDriver BiDi listening on ws://127.0.0.1:49893
1678384753023	RemoteAgent	WARN	TLS certificate errors will be ignored for this session
[GFX1-]: RenderCompositorSWGL failed mapping default framebuffer, no dt
console.error: ({})
console.warn: SearchSettings: "get: No settings file exists, new profile?" (new NotFoundError("Could not open the file at /tmp/rust_mozprofile0PTqZM/search.json.mozlz4", (void 0)))
DevTools listening on ws://127.0.0.1:49893/devtools/browser/b065881c-f33c-458e-8c1d-9c859c9d7a8c
JavaScript warning: https://www.pgatour.com/_next/static/chunks/main-f86796ec34b8b5e9.js, line 1: unreachable code after return statement
libEGL warning: DRI2: failed to create dri screen
1678384756605	Marionette	INFO	Stopped listening on port 32971
1678384760076	geckodriver	INFO	Listening on 127.0.0.1:41817
1678384760533	mozrunner::runner	INFO	Running command: "/snap/firefox/current/firefox.launcher" "--marionette" "-headless" "--remote-debugging-port" "51337" "--remote-allow-hosts" "localhost" "-no-remote" "-profile" "/tmp/rust_mozprofileynHV5a"
*** You are running in headless mode.
Gtk-Message: 12:59:20.552: Not loading module "atk-bridge": The functionality is provided by GTK natively. Please try to not load it.
console.warn: services.settings: Ignoring preference override of remote settings server
console.warn: services.settings: Allow by setting MOZ_REMOTE_SETTINGS_DEVTOOLS=1 in the environment
[GFX1-]: glxtest: VA-API test failed: failed to initialise VAAPI connection.
1678384760720	Marionette	INFO	Marionette enabled
1678384760722	Marionette	INFO	Listening on port 42135
Read port: 42135
WebDriver BiDi listening on ws://127.0.0.1:51337
1678384760788	RemoteAgent	WARN	TLS certificate errors will be ignored for this session
[GFX1-]: RenderCompositorSWGL failed mapping default framebuffer, no dt
console.error: ({})
console.warn: SearchSettings: "get: No settings file exists, new profile?" (new NotFoundError("Could not open the file at /tmp/rust_mozprofileynHV5a/search.json.mozlz4", (void 0)))
DevTools listening on ws://127.0.0.1:51337/devtools/browser/a6beffee-973b-4f5e-b5d8-9a6ea97e2a2c
JavaScript warning: https://www.pgatour.com/_next/static/chunks/main-f86796ec34b8b5e9.js, line 1: unreachable code after return statement
libEGL warning: DRI2: failed to create dri screen
1678384765263	Marionette	INFO	Stopped listening on port 42135
1678384766444	geckodriver	INFO	Listening on 127.0.0.1:40207
1678384766901	mozrunner::runner	INFO	Running command: "/snap/firefox/current/firefox.launcher" "--marionette" "-headless" "--remote-debugging-port" "50873" "--remote-allow-hosts" "localhost" "-no-remote" "-profile" "/tmp/rust_mozprofileFhpvpk"
*** You are running in headless mode.
Gtk-Message: 12:59:26.918: Not loading module "atk-bridge": The functionality is provided by GTK natively. Please try to not load it.
console.warn: services.settings: Ignoring preference override of remote settings server
console.warn: services.settings: Allow by setting MOZ_REMOTE_SETTINGS_DEVTOOLS=1 in the environment
[GFX1-]: glxtest: VA-API test failed: failed to initialise VAAPI connection.
1678384767061	Marionette	INFO	Marionette enabled
1678384767063	Marionette	INFO	Listening on port 36737
Read port: 36737
WebDriver BiDi listening on ws://127.0.0.1:50873
1678384767135	RemoteAgent	WARN	TLS certificate errors will be ignored for this session
[GFX1-]: RenderCompositorSWGL failed mapping default framebuffer, no dt
console.error: ({})
console.warn: SearchSettings: "get: No settings file exists, new profile?" (new NotFoundError("Could not open the file at /tmp/rust_mozprofileFhpvpk/search.json.mozlz4", (void 0)))
DevTools listening on ws://127.0.0.1:50873/devtools/browser/a079fd10-d611-4b45-96f4-78ad9fe3c45a
JavaScript warning: https://www.pgatour.com/_next/static/chunks/main-f86796ec34b8b5e9.js, line 1: unreachable code after return statement
libEGL warning: DRI2: failed to create dri screen
1678384771844	Marionette	INFO	Stopped listening on port 36737
1678384774093	geckodriver	INFO	Listening on 127.0.0.1:39341
1678384774550	mozrunner::runner	INFO	Running command: "/snap/firefox/current/firefox.launcher" "--marionette" "-headless" "--remote-debugging-port" "38041" "--remote-allow-hosts" "localhost" "-no-remote" "-profile" "/tmp/rust_mozprofilejQelG0"
*** You are running in headless mode.
Gtk-Message: 12:59:34.567: Not loading module "atk-bridge": The functionality is provided by GTK natively. Please try to not load it.
console.warn: services.settings: Ignoring preference override of remote settings server
console.warn: services.settings: Allow by setting MOZ_REMOTE_SETTINGS_DEVTOOLS=1 in the environment
[GFX1-]: glxtest: VA-API test failed: failed to initialise VAAPI connection.
1678384774783	Marionette	INFO	Marionette enabled
1678384774785	Marionette	INFO	Listening on port 39451
WebDriver BiDi listening on ws://127.0.0.1:38041
Read port: 39451
1678384774946	RemoteAgent	WARN	TLS certificate errors will be ignored for this session
[GFX1-]: RenderCompositorSWGL failed mapping default framebuffer, no dt
console.error: ({})
console.warn: SearchSettings: "get: No settings file exists, new profile?" (new NotFoundError("Could not open the file at /tmp/rust_mozprofilejQelG0/search.json.mozlz4", (void 0)))
DevTools listening on ws://127.0.0.1:38041/devtools/browser/f94be4e7-634d-4d5e-80bc-9fa521d9fcef
JavaScript warning: https://www.pgatour.com/_next/static/chunks/main-f86796ec34b8b5e9.js, line 1: unreachable code after return statement
libEGL warning: DRI2: failed to create dri screen
1678384778311	Marionette	INFO	Stopped listening on port 39451
1678384779003	geckodriver	INFO	Listening on 127.0.0.1:58231
1678384790308	geckodriver	INFO	Listening on 127.0.0.1:45111
1678384790763	mozrunner::runner	INFO	Running command: "/snap/firefox/current/firefox.launcher" "--marionette" "-headless" "--remote-debugging-port" "36207" "--remote-allow-hosts" "localhost" "-no-remote" "-profile" "/tmp/rust_mozprofileOOTmnH"
*** You are running in headless mode.
Gtk-Message: 12:59:50.780: Not loading module "atk-bridge": The functionality is provided by GTK natively. Please try to not load it.
console.warn: services.settings: Ignoring preference override of remote settings server
console.warn: services.settings: Allow by setting MOZ_REMOTE_SETTINGS_DEVTOOLS=1 in the environment
[GFX1-]: glxtest: VA-API test failed: failed to initialise VAAPI connection.
1678384790921	Marionette	INFO	Marionette enabled
1678384790923	Marionette	INFO	Listening on port 38145
Read port: 38145
WebDriver BiDi listening on ws://127.0.0.1:36207
1678384790996	RemoteAgent	WARN	TLS certificate errors will be ignored for this session
[GFX1-]: RenderCompositorSWGL failed mapping default framebuffer, no dt
console.error: ({})
console.warn: SearchSettings: "get: No settings file exists, new profile?" (new NotFoundError("Could not open the file at /tmp/rust_mozprofileOOTmnH/search.json.mozlz4", (void 0)))
DevTools listening on ws://127.0.0.1:36207/devtools/browser/7c9d50e4-a09d-412f-bab9-589b034b5959
JavaScript warning: https://www.pgatour.com/_next/static/chunks/main-f86796ec34b8b5e9.js, line 1: unreachable code after return statement
libEGL warning: DRI2: failed to create dri screen
1678384796318	Marionette	INFO	Stopped listening on port 38145
1678384940127	geckodriver	INFO	Listening on 127.0.0.1:33351
1678384940585	mozrunner::runner	INFO	Running command: "/snap/firefox/current/firefox.launcher" "--marionette" "-headless" "--remote-debugging-port" "56663" "--remote-allow-hosts" "localhost" "-no-remote" "-profile" "/tmp/rust_mozprofilelHiVFZ"
*** You are running in headless mode.
Gtk-Message: 13:02:20.604: Not loading module "atk-bridge": The functionality is provided by GTK natively. Please try to not load it.
console.warn: services.settings: Ignoring preference override of remote settings server
console.warn: services.settings: Allow by setting MOZ_REMOTE_SETTINGS_DEVTOOLS=1 in the environment
[GFX1-]: glxtest: VA-API test failed: failed to initialise VAAPI connection.
1678384940759	Marionette	INFO	Marionette enabled
1678384940762	Marionette	INFO	Listening on port 43415
Read port: 43415
WebDriver BiDi listening on ws://127.0.0.1:56663
1678384940827	RemoteAgent	WARN	TLS certificate errors will be ignored for this session
[GFX1-]: RenderCompositorSWGL failed mapping default framebuffer, no dt
console.error: ({})
console.warn: SearchSettings: "get: No settings file exists, new profile?" (new NotFoundError("Could not open the file at /tmp/rust_mozprofilelHiVFZ/search.json.mozlz4", (void 0)))
DevTools listening on ws://127.0.0.1:56663/devtools/browser/194d43a9-0237-47b1-9e70-18e10a2fa8d7
JavaScript warning: https://www.pgatour.com/_next/static/chunks/main-f86796ec34b8b5e9.js, line 1: unreachable code after return statement
libEGL warning: DRI2: failed to create dri screen
1678384944728	Marionette	INFO	Stopped listening on port 43415
1678385057265	geckodriver	INFO	Listening on 127.0.0.1:44041
1678385057720	mozrunner::runner	INFO	Running command: "/snap/firefox/current/firefox.launcher" "--marionette" "-headless" "--remote-debugging-port" "36155" "--remote-allow-hosts" "localhost" "-no-remote" "-profile" "/tmp/rust_mozprofilePzV497"
*** You are running in headless mode.
Gtk-Message: 13:04:17.736: Not loading module "atk-bridge": The functionality is provided by GTK natively. Please try to not load it.
console.warn: services.settings: Ignoring preference override of remote settings server
console.warn: services.settings: Allow by setting MOZ_REMOTE_SETTINGS_DEVTOOLS=1 in the environment
[GFX1-]: glxtest: VA-API test failed: failed to initialise VAAPI connection.
1678385057880	Marionette	INFO	Marionette enabled
1678385057882	Marionette	INFO	Listening on port 41099
Read port: 41099
WebDriver BiDi listening on ws://127.0.0.1:36155
1678385057954	RemoteAgent	WARN	TLS certificate errors will be ignored for this session
[GFX1-]: RenderCompositorSWGL failed mapping default framebuffer, no dt
console.error: ({})
console.warn: SearchSettings: "get: No settings file exists, new profile?" (new NotFoundError("Could not open the file at /tmp/rust_mozprofilePzV497/search.json.mozlz4", (void 0)))
DevTools listening on ws://127.0.0.1:36155/devtools/browser/27a11d44-a307-4184-b65a-4ed1c18e7842
JavaScript warning: https://www.pgatour.com/_next/static/chunks/main-f86796ec34b8b5e9.js, line 1: unreachable code after return statement
libEGL warning: DRI2: failed to create dri screen
1678385062494	Marionette	INFO	Stopped listening on port 41099
1678385124508	geckodriver	INFO	Listening on 127.0.0.1:50111
1678385124964	mozrunner::runner	INFO	Running command: "/snap/firefox/current/firefox.launcher" "--marionette" "-headless" "--remote-debugging-port" "46193" "--remote-allow-hosts" "localhost" "-no-remote" "-profile" "/tmp/rust_mozprofileUcMFj4"
*** You are running in headless mode.
Gtk-Message: 13:05:24.981: Not loading module "atk-bridge": The functionality is provided by GTK natively. Please try to not load it.
console.warn: services.settings: Ignoring preference override of remote settings server
console.warn: services.settings: Allow by setting MOZ_REMOTE_SETTINGS_DEVTOOLS=1 in the environment
[GFX1-]: glxtest: VA-API test failed: failed to initialise VAAPI connection.
1678385125123	Marionette	INFO	Marionette enabled
1678385125125	Marionette	INFO	Listening on port 43311
Read port: 43311
WebDriver BiDi listening on ws://127.0.0.1:46193
1678385125198	RemoteAgent	WARN	TLS certificate errors will be ignored for this session
[GFX1-]: RenderCompositorSWGL failed mapping default framebuffer, no dt
console.error: ({})
console.warn: SearchSettings: "get: No settings file exists, new profile?" (new NotFoundError("Could not open the file at /tmp/rust_mozprofileUcMFj4/search.json.mozlz4", (void 0)))
DevTools listening on ws://127.0.0.1:46193/devtools/browser/116d8d68-e0fe-4b1b-b7f3-1b84e426e6d2
JavaScript warning: https://www.pgatour.com/_next/static/chunks/main-f86796ec34b8b5e9.js, line 1: unreachable code after return statement
libEGL warning: DRI2: failed to create dri screen
1678385130236	Marionette	INFO	Stopped listening on port 43311
JavaScript error: https://cdn.cookielaw.org/scripttemplates/202301.1.0/otBannerSdk.js, line 7: TypeError: r is undefined
1678385191210	geckodriver	INFO	Listening on 127.0.0.1:45095
1678385191665	mozrunner::runner	INFO	Running command: "/snap/firefox/current/firefox.launcher" "--marionette" "-headless" "--remote-debugging-port" "49107" "--remote-allow-hosts" "localhost" "-no-remote" "-profile" "/tmp/rust_mozprofileEubi3Z"
*** You are running in headless mode.
Gtk-Message: 13:06:31.682: Not loading module "atk-bridge": The functionality is provided by GTK natively. Please try to not load it.
console.warn: services.settings: Ignoring preference override of remote settings server
console.warn: services.settings: Allow by setting MOZ_REMOTE_SETTINGS_DEVTOOLS=1 in the environment
[GFX1-]: glxtest: VA-API test failed: failed to initialise VAAPI connection.
1678385191824	Marionette	INFO	Marionette enabled
1678385191826	Marionette	INFO	Listening on port 39107
Read port: 39107
WebDriver BiDi listening on ws://127.0.0.1:49107
1678385191900	RemoteAgent	WARN	TLS certificate errors will be ignored for this session
[GFX1-]: RenderCompositorSWGL failed mapping default framebuffer, no dt
console.error: ({})
console.warn: SearchSettings: "get: No settings file exists, new profile?" (new NotFoundError("Could not open the file at /tmp/rust_mozprofileEubi3Z/search.json.mozlz4", (void 0)))
DevTools listening on ws://127.0.0.1:49107/devtools/browser/e1dbbb1e-c9e3-493c-b858-8c75072835d9
JavaScript warning: https://www.pgatour.com/_next/static/chunks/main-f86796ec34b8b5e9.js, line 1: unreachable code after return statement
libEGL warning: DRI2: failed to create dri screen
1678385195595	Marionette	INFO	Stopped listening on port 39107
1678385257533	geckodriver	INFO	Listening on 127.0.0.1:41051
1678385257989	mozrunner::runner	INFO	Running command: "/snap/firefox/current/firefox.launcher" "--marionette" "-headless" "--remote-debugging-port" "57579" "--remote-allow-hosts" "localhost" "-no-remote" "-profile" "/tmp/rust_mozprofileE8EFbV"
*** You are running in headless mode.
Gtk-Message: 13:07:38.007: Not loading module "atk-bridge": The functionality is provided by GTK natively. Please try to not load it.
console.warn: services.settings: Ignoring preference override of remote settings server
console.warn: services.settings: Allow by setting MOZ_REMOTE_SETTINGS_DEVTOOLS=1 in the environment
[GFX1-]: glxtest: VA-API test failed: failed to initialise VAAPI connection.
1678385258149	Marionette	INFO	Marionette enabled
1678385258151	Marionette	INFO	Listening on port 40205
Read port: 40205
WebDriver BiDi listening on ws://127.0.0.1:57579
1678385258226	RemoteAgent	WARN	TLS certificate errors will be ignored for this session
[GFX1-]: RenderCompositorSWGL failed mapping default framebuffer, no dt
console.error: ({})
console.warn: SearchSettings: "get: No settings file exists, new profile?" (new NotFoundError("Could not open the file at /tmp/rust_mozprofileE8EFbV/search.json.mozlz4", (void 0)))
DevTools listening on ws://127.0.0.1:57579/devtools/browser/6d6d08d5-acc1-45d5-afbe-5117fc929019
JavaScript warning: https://www.pgatour.com/_next/static/chunks/main-f86796ec34b8b5e9.js, line 1: unreachable code after return statement
libEGL warning: DRI2: failed to create dri screen
1678385263015	Marionette	INFO	Stopped listening on port 40205
1678385325106	geckodriver	INFO	Listening on 127.0.0.1:50813
1678385325562	mozrunner::runner	INFO	Running command: "/snap/firefox/current/firefox.launcher" "--marionette" "-headless" "--remote-debugging-port" "43065" "--remote-allow-hosts" "localhost" "-no-remote" "-profile" "/tmp/rust_mozprofileyRRXdS"
*** You are running in headless mode.
Gtk-Message: 13:08:45.578: Not loading module "atk-bridge": The functionality is provided by GTK natively. Please try to not load it.
console.warn: services.settings: Ignoring preference override of remote settings server
console.warn: services.settings: Allow by setting MOZ_REMOTE_SETTINGS_DEVTOOLS=1 in the environment
[GFX1-]: glxtest: VA-API test failed: failed to initialise VAAPI connection.
1678385325742	Marionette	INFO	Marionette enabled
1678385325744	Marionette	INFO	Listening on port 41851
Read port: 41851
WebDriver BiDi listening on ws://127.0.0.1:43065
1678385325808	RemoteAgent	WARN	TLS certificate errors will be ignored for this session
[GFX1-]: RenderCompositorSWGL failed mapping default framebuffer, no dt
console.error: ({})
console.warn: SearchSettings: "get: No settings file exists, new profile?" (new NotFoundError("Could not open the file at /tmp/rust_mozprofileyRRXdS/search.json.mozlz4", (void 0)))
DevTools listening on ws://127.0.0.1:43065/devtools/browser/ff88332f-1630-4f69-99bd-ebbaa80f4556
JavaScript warning: https://www.pgatour.com/_next/static/chunks/main-f86796ec34b8b5e9.js, line 1: unreachable code after return statement
libEGL warning: DRI2: failed to create dri screen
1678385331035	Marionette	INFO	Stopped listening on port 41851
1678385392233	geckodriver	INFO	Listening on 127.0.0.1:53997
1678385392689	mozrunner::runner	INFO	Running command: "/snap/firefox/current/firefox.launcher" "--marionette" "-headless" "--remote-debugging-port" "43125" "--remote-allow-hosts" "localhost" "-no-remote" "-profile" "/tmp/rust_mozprofileUYodYW"
*** You are running in headless mode.
Gtk-Message: 13:09:52.707: Not loading module "atk-bridge": The functionality is provided by GTK natively. Please try to not load it.
console.warn: services.settings: Ignoring preference override of remote settings server
console.warn: services.settings: Allow by setting MOZ_REMOTE_SETTINGS_DEVTOOLS=1 in the environment
[GFX1-]: glxtest: VA-API test failed: failed to initialise VAAPI connection.
1678385392849	Marionette	INFO	Marionette enabled
1678385392851	Marionette	INFO	Listening on port 44009
Read port: 44009
WebDriver BiDi listening on ws://127.0.0.1:43125
1678385392924	RemoteAgent	WARN	TLS certificate errors will be ignored for this session
[GFX1-]: RenderCompositorSWGL failed mapping default framebuffer, no dt
console.error: ({})
console.warn: SearchSettings: "get: No settings file exists, new profile?" (new NotFoundError("Could not open the file at /tmp/rust_mozprofileUYodYW/search.json.mozlz4", (void 0)))
DevTools listening on ws://127.0.0.1:43125/devtools/browser/a5a78930-9592-47bc-9ac6-96b1a91feeb2
JavaScript warning: https://www.pgatour.com/_next/static/chunks/main-f86796ec34b8b5e9.js, line 1: unreachable code after return statement
libEGL warning: DRI2: failed to create dri screen
1678385396507	Marionette	INFO	Stopped listening on port 44009
1678385457251	geckodriver	INFO	Listening on 127.0.0.1:49469
1678385457707	mozrunner::runner	INFO	Running command: "/snap/firefox/current/firefox.launcher" "--marionette" "-headless" "--remote-debugging-port" "36107" "--remote-allow-hosts" "localhost" "-no-remote" "-profile" "/tmp/rust_mozprofileUx0YSj"
*** You are running in headless mode.
Gtk-Message: 13:10:57.725: Not loading module "atk-bridge": The functionality is provided by GTK natively. Please try to not load it.
console.warn: services.settings: Ignoring preference override of remote settings server
console.warn: services.settings: Allow by setting MOZ_REMOTE_SETTINGS_DEVTOOLS=1 in the environment
[GFX1-]: glxtest: VA-API test failed: failed to initialise VAAPI connection.
1678385457868	Marionette	INFO	Marionette enabled
1678385457870	Marionette	INFO	Listening on port 38973
Read port: 38973
WebDriver BiDi listening on ws://127.0.0.1:36107
1678385457936	RemoteAgent	WARN	TLS certificate errors will be ignored for this session
[GFX1-]: RenderCompositorSWGL failed mapping default framebuffer, no dt
console.error: ({})
console.warn: SearchSettings: "get: No settings file exists, new profile?" (new NotFoundError("Could not open the file at /tmp/rust_mozprofileUx0YSj/search.json.mozlz4", (void 0)))
DevTools listening on ws://127.0.0.1:36107/devtools/browser/65f22cff-a874-4a3d-bd5d-35ff657c214a
JavaScript warning: https://www.pgatour.com/_next/static/chunks/main-f86796ec34b8b5e9.js, line 1: unreachable code after return statement
libEGL warning: DRI2: failed to create dri screen
1678385461515	Marionette	INFO	Stopped listening on port 38973
1678385523366	geckodriver	INFO	Listening on 127.0.0.1:52139
1678385523823	mozrunner::runner	INFO	Running command: "/snap/firefox/current/firefox.launcher" "--marionette" "-headless" "--remote-debugging-port" "57595" "--remote-allow-hosts" "localhost" "-no-remote" "-profile" "/tmp/rust_mozprofile7iv5iG"
*** You are running in headless mode.
Gtk-Message: 13:12:03.841: Not loading module "atk-bridge": The functionality is provided by GTK natively. Please try to not load it.
console.warn: services.settings: Ignoring preference override of remote settings server
console.warn: services.settings: Allow by setting MOZ_REMOTE_SETTINGS_DEVTOOLS=1 in the environment
[GFX1-]: glxtest: VA-API test failed: failed to initialise VAAPI connection.
1678385523987	Marionette	INFO	Marionette enabled
1678385523989	Marionette	INFO	Listening on port 36833
Read port: 36833
WebDriver BiDi listening on ws://127.0.0.1:57595
1678385524054	RemoteAgent	WARN	TLS certificate errors will be ignored for this session
[GFX1-]: RenderCompositorSWGL failed mapping default framebuffer, no dt
console.error: ({})
console.warn: SearchSettings: "get: No settings file exists, new profile?" (new NotFoundError("Could not open the file at /tmp/rust_mozprofile7iv5iG/search.json.mozlz4", (void 0)))
DevTools listening on ws://127.0.0.1:57595/devtools/browser/f7201e36-3079-4434-8b21-fc879d690c26
JavaScript warning: https://www.pgatour.com/_next/static/chunks/main-f86796ec34b8b5e9.js, line 1: unreachable code after return statement
1678385527452	Marionette	INFO	Stopped listening on port 36833
1678385588236	geckodriver	INFO	Listening on 127.0.0.1:32913
1678385588692	mozrunner::runner	INFO	Running command: "/snap/firefox/current/firefox.launcher" "--marionette" "-headless" "--remote-debugging-port" "57607" "--remote-allow-hosts" "localhost" "-no-remote" "-profile" "/tmp/rust_mozprofileZNLSXk"
*** You are running in headless mode.
Gtk-Message: 13:13:08.709: Not loading module "atk-bridge": The functionality is provided by GTK natively. Please try to not load it.
console.warn: services.settings: Ignoring preference override of remote settings server
console.warn: services.settings: Allow by setting MOZ_REMOTE_SETTINGS_DEVTOOLS=1 in the environment
[GFX1-]: glxtest: VA-API test failed: failed to initialise VAAPI connection.
1678385588858	Marionette	INFO	Marionette enabled
1678385588860	Marionette	INFO	Listening on port 34549
Read port: 34549
WebDriver BiDi listening on ws://127.0.0.1:57607
1678385588923	RemoteAgent	WARN	TLS certificate errors will be ignored for this session
[GFX1-]: RenderCompositorSWGL failed mapping default framebuffer, no dt
console.error: ({})
console.warn: SearchSettings: "get: No settings file exists, new profile?" (new NotFoundError("Could not open the file at /tmp/rust_mozprofileZNLSXk/search.json.mozlz4", (void 0)))
DevTools listening on ws://127.0.0.1:57607/devtools/browser/8a32f93f-625a-47da-81be-1444ade0bc2c
JavaScript warning: https://www.pgatour.com/_next/static/chunks/main-f86796ec34b8b5e9.js, line 1: unreachable code after return statement
libEGL warning: DRI2: failed to create dri screen
1678385592484	Marionette	INFO	Stopped listening on port 34549
1678385653217	geckodriver	INFO	Listening on 127.0.0.1:44005
1678385653674	mozrunner::runner	INFO	Running command: "/snap/firefox/current/firefox.launcher" "--marionette" "-headless" "--remote-debugging-port" "33675" "--remote-allow-hosts" "localhost" "-no-remote" "-profile" "/tmp/rust_mozprofile1E21zq"
*** You are running in headless mode.
Gtk-Message: 13:14:13.692: Not loading module "atk-bridge": The functionality is provided by GTK natively. Please try to not load it.
console.warn: services.settings: Ignoring preference override of remote settings server
console.warn: services.settings: Allow by setting MOZ_REMOTE_SETTINGS_DEVTOOLS=1 in the environment
[GFX1-]: glxtest: VA-API test failed: failed to initialise VAAPI connection.
1678385653832	Marionette	INFO	Marionette enabled
1678385653834	Marionette	INFO	Listening on port 32867
Read port: 32867
WebDriver BiDi listening on ws://127.0.0.1:33675
1678385653909	RemoteAgent	WARN	TLS certificate errors will be ignored for this session
[GFX1-]: RenderCompositorSWGL failed mapping default framebuffer, no dt
console.error: ({})
console.warn: SearchSettings: "get: No settings file exists, new profile?" (new NotFoundError("Could not open the file at /tmp/rust_mozprofile1E21zq/search.json.mozlz4", (void 0)))
DevTools listening on ws://127.0.0.1:33675/devtools/browser/d3e888d4-060f-471d-b0a1-f9668df88ecc
JavaScript warning: https://www.pgatour.com/_next/static/chunks/main-f86796ec34b8b5e9.js, line 1: unreachable code after return statement
1678385657611	Marionette	INFO	Stopped listening on port 32867
libEGL warning: DRI2: failed to create dri screen
1678385718405	geckodriver	INFO	Listening on 127.0.0.1:45701
1678385718862	mozrunner::runner	INFO	Running command: "/snap/firefox/current/firefox.launcher" "--marionette" "-headless" "--remote-debugging-port" "52219" "--remote-allow-hosts" "localhost" "-no-remote" "-profile" "/tmp/rust_mozprofileRGbVON"
*** You are running in headless mode.
Gtk-Message: 13:15:18.880: Not loading module "atk-bridge": The functionality is provided by GTK natively. Please try to not load it.
console.warn: services.settings: Ignoring preference override of remote settings server
console.warn: services.settings: Allow by setting MOZ_REMOTE_SETTINGS_DEVTOOLS=1 in the environment
[GFX1-]: glxtest: VA-API test failed: failed to initialise VAAPI connection.
1678385719035	Marionette	INFO	Marionette enabled
1678385719037	Marionette	INFO	Listening on port 41025
Read port: 41025
WebDriver BiDi listening on ws://127.0.0.1:52219
1678385719105	RemoteAgent	WARN	TLS certificate errors will be ignored for this session
[GFX1-]: RenderCompositorSWGL failed mapping default framebuffer, no dt
console.error: ({})
console.warn: SearchSettings: "get: No settings file exists, new profile?" (new NotFoundError("Could not open the file at /tmp/rust_mozprofileRGbVON/search.json.mozlz4", (void 0)))
DevTools listening on ws://127.0.0.1:52219/devtools/browser/13db46a4-1714-43c3-ba6d-6eb9dce51a09
JavaScript warning: https://www.pgatour.com/_next/static/chunks/main-f86796ec34b8b5e9.js, line 1: unreachable code after return statement
libEGL warning: DRI2: failed to create dri screen
1678385722847	Marionette	INFO	Stopped listening on port 41025
1678385785199	geckodriver	INFO	Listening on 127.0.0.1:35587
1678385785654	mozrunner::runner	INFO	Running command: "/snap/firefox/current/firefox.launcher" "--marionette" "-headless" "--remote-debugging-port" "50657" "--remote-allow-hosts" "localhost" "-no-remote" "-profile" "/tmp/rust_mozprofileTRDC73"
*** You are running in headless mode.
Gtk-Message: 13:16:25.671: Not loading module "atk-bridge": The functionality is provided by GTK natively. Please try to not load it.
console.warn: services.settings: Ignoring preference override of remote settings server
console.warn: services.settings: Allow by setting MOZ_REMOTE_SETTINGS_DEVTOOLS=1 in the environment
[GFX1-]: glxtest: VA-API test failed: failed to initialise VAAPI connection.
1678385785812	Marionette	INFO	Marionette enabled
1678385785814	Marionette	INFO	Listening on port 37557
Read port: 37557
WebDriver BiDi listening on ws://127.0.0.1:50657
1678385785889	RemoteAgent	WARN	TLS certificate errors will be ignored for this session
[GFX1-]: RenderCompositorSWGL failed mapping default framebuffer, no dt
console.error: ({})
console.warn: SearchSettings: "get: No settings file exists, new profile?" (new NotFoundError("Could not open the file at /tmp/rust_mozprofileTRDC73/search.json.mozlz4", (void 0)))
DevTools listening on ws://127.0.0.1:50657/devtools/browser/f3c6315b-6b71-4f02-8381-6679069ba3d5
JavaScript warning: https://www.pgatour.com/_next/static/chunks/main-f86796ec34b8b5e9.js, line 1: unreachable code after return statement
libEGL warning: DRI2: failed to create dri screen
1678385789453	Marionette	INFO	Stopped listening on port 37557
1678385851516	geckodriver	INFO	Listening on 127.0.0.1:50841
1678385851971	mozrunner::runner	INFO	Running command: "/snap/firefox/current/firefox.launcher" "--marionette" "-headless" "--remote-debugging-port" "45397" "--remote-allow-hosts" "localhost" "-no-remote" "-profile" "/tmp/rust_mozprofile9mLdrs"
*** You are running in headless mode.
Gtk-Message: 13:17:31.988: Not loading module "atk-bridge": The functionality is provided by GTK natively. Please try to not load it.
console.warn: services.settings: Ignoring preference override of remote settings server
console.warn: services.settings: Allow by setting MOZ_REMOTE_SETTINGS_DEVTOOLS=1 in the environment
[GFX1-]: glxtest: VA-API test failed: failed to initialise VAAPI connection.
1678385852136	Marionette	INFO	Marionette enabled
1678385852138	Marionette	INFO	Listening on port 34869
Read port: 34869
WebDriver BiDi listening on ws://127.0.0.1:45397
1678385852205	RemoteAgent	WARN	TLS certificate errors will be ignored for this session
[GFX1-]: RenderCompositorSWGL failed mapping default framebuffer, no dt
console.error: ({})
console.warn: SearchSettings: "get: No settings file exists, new profile?" (new NotFoundError("Could not open the file at /tmp/rust_mozprofile9mLdrs/search.json.mozlz4", (void 0)))
DevTools listening on ws://127.0.0.1:45397/devtools/browser/d548cece-2b73-44e2-9794-ec186d772631
JavaScript warning: https://www.pgatour.com/_next/static/chunks/main-f86796ec34b8b5e9.js, line 1: unreachable code after return statement
libEGL warning: DRI2: failed to create dri screen
1678385855919	Marionette	INFO	Stopped listening on port 34869
